Using pre-set license
Built from '2020.3/staging' branch; Version is '2020.3.17f1 (a4537701e4ab) revision 10769271'; Using compiler version '192528614'; Build Type 'Release'
OS: 'Windows 10 Home; OS build 22463.1000; Version 2009; 64bit' Language: 'en' Physical Memory: 16233 MB
BatchMode: 1, IsHumanControllingUs: 0, StartBugReporterOnCrash: 0, Is64bit: 1, IsPro: 0

COMMAND LINE ARGUMENTS:
C:\Program Files\Unity\Hub\Editor\2020.3.17f1\Editor\Unity.exe
-adb2
-batchMode
-noUpm
-name
AssetImportWorker0
-projectPath
D:/Abousetta/Work/Super World/Demo
-logFile
Logs/AssetImportWorker0.log
-srvPort
52293
Successfully changed project path to: D:/Abousetta/Work/Super World/Demo
D:/Abousetta/Work/Super World/Demo
Using Asset Import Pipeline V2.
Refreshing native plugins compatible for Editor in 55.92 ms, found 2 plugins.
Preloading 0 native plugins for Editor in 0.00 ms.
Initialize engine version: 2020.3.17f1 (a4537701e4ab)
[Subsystems] Discovering subsystems at path C:/Program Files/Unity/Hub/Editor/2020.3.17f1/Editor/Data/Resources/UnitySubsystems
[Subsystems] Discovering subsystems at path D:/Abousetta/Work/Super World/Demo/Assets
GfxDevice: creating device client; threaded=0
Direct3D:
    Version:  Direct3D 11.0 [level 11.1]
    Renderer: NVIDIA GeForce GTX 1660 Ti (ID=0x2191)
    Vendor:   
    VRAM:     5991 MB
    Driver:   30.0.14.7196
Initialize mono
Mono path[0] = 'C:/Program Files/Unity/Hub/Editor/2020.3.17f1/Editor/Data/Managed'
Mono path[1] = 'C:/Program Files/Unity/Hub/Editor/2020.3.17f1/Editor/Data/MonoBleedingEdge/lib/mono/unityjit'
Mono config path = 'C:/Program Files/Unity/Hub/Editor/2020.3.17f1/Editor/Data/MonoBleedingEdge/etc'
Using monoOptions --debugger-agent=transport=dt_socket,embedding=1,server=y,suspend=n,address=127.0.0.1:56280
Begin MonoManager ReloadAssembly
Registering precompiled unity dll's ...
Register platform support module: C:/Program Files/Unity/Hub/Editor/2020.3.17f1/Editor/Data/PlaybackEngines/WindowsStandaloneSupport/UnityEditor.WindowsStandalone.Extensions.dll
Registered in 0.002669 seconds.
Native extension for WindowsStandalone target not found
Refreshing native plugins compatible for Editor in 61.21 ms, found 2 plugins.
Preloading 0 native plugins for Editor in 0.00 ms.
Mono: successfully reloaded assembly
- Completed reload, in  2.351 seconds
Domain Reload Profiling:
	ReloadAssembly (2352ms)
		BeginReloadAssembly (58ms)
			ExecutionOrderSort (0ms)
			DisableScriptedObjects (0ms)
			BackupInstance (0ms)
			ReleaseScriptingObjects (0ms)
			CreateAndSetChildDomain (1ms)
		EndReloadAssembly (472ms)
			LoadAssemblies (56ms)
			RebuildTransferFunctionScriptingTraits (0ms)
			SetupTypeCache (158ms)
			ReleaseScriptCaches (0ms)
			RebuildScriptCaches (35ms)
			SetupLoadedEditorAssemblies (198ms)
				LogAssemblyErrors (0ms)
				InitializePlatformSupportModulesInManaged (4ms)
				SetLoadedEditorAssemblies (0ms)
				RefreshPlugins (61ms)
				BeforeProcessingInitializeOnLoad (18ms)
				ProcessInitializeOnLoadAttributes (85ms)
				ProcessInitializeOnLoadMethodAttributes (30ms)
				AfterProcessingInitializeOnLoad (0ms)
				EditorAssembliesLoaded (0ms)
			ExecutionOrderSort2 (0ms)
			AwakeInstancesAfterBackupRestoration (0ms)
Platform modules already initialized, skipping
Registering precompiled user dll's ...
Registered in 0.004628 seconds.
Begin MonoManager ReloadAssembly
Native extension for WindowsStandalone target not found
Refreshing native plugins compatible for Editor in 55.19 ms, found 2 plugins.
Preloading 0 native plugins for Editor in 0.00 ms.
Mono: successfully reloaded assembly
- Completed reload, in  1.336 seconds
Domain Reload Profiling:
	ReloadAssembly (1337ms)
		BeginReloadAssembly (147ms)
			ExecutionOrderSort (0ms)
			DisableScriptedObjects (4ms)
			BackupInstance (0ms)
			ReleaseScriptingObjects (0ms)
			CreateAndSetChildDomain (22ms)
		EndReloadAssembly (1133ms)
			LoadAssemblies (92ms)
			RebuildTransferFunctionScriptingTraits (0ms)
			SetupTypeCache (313ms)
			ReleaseScriptCaches (1ms)
			RebuildScriptCaches (71ms)
			SetupLoadedEditorAssemblies (531ms)
				LogAssemblyErrors (0ms)
				InitializePlatformSupportModulesInManaged (4ms)
				SetLoadedEditorAssemblies (0ms)
				RefreshPlugins (55ms)
				BeforeProcessingInitializeOnLoad (124ms)
				ProcessInitializeOnLoadAttributes (336ms)
				ProcessInitializeOnLoadMethodAttributes (6ms)
				AfterProcessingInitializeOnLoad (5ms)
				EditorAssembliesLoaded (0ms)
			ExecutionOrderSort2 (0ms)
			AwakeInstancesAfterBackupRestoration (6ms)
Platform modules already initialized, skipping
========================================================================
Worker process is ready to serve import requests
Launched and connected shader compiler UnityShaderCompiler.exe after 0.05 seconds
Refreshing native plugins compatible for Editor in 0.59 ms, found 2 plugins.
Preloading 0 native plugins for Editor in 0.00 ms.
Unloading 3430 Unused Serialized files (Serialized files now loaded: 0)
System memory in use before: 146.5 MB.
System memory in use after: 146.7 MB.

Unloading 25 unused Assets to reduce memory usage. Loaded Objects now: 3865.
Total: 3.353600 ms (FindLiveObjects: 0.296400 ms CreateObjectMapping: 0.157600 ms MarkObjects: 2.832700 ms  DeleteObjects: 0.066100 ms)

AssetImportParameters requested are different than current active one (requested -> active):
  custom:framework-win-MediaFoundation: 216162199b28c13a410421893ffa2e32 -> 
  custom:video-decoder-ogg-theora: a1e56fd34408186e4bbccfd4996cb3dc -> 
  custom:container-muxer-webm: aa71ff27fc2769a1b78a27578f13a17b -> 
  custom:container-demuxer-webm: 4f35f7cbe854078d1ac9338744f61a02 -> 
  custom:container-demuxer-ogg: 62fdf1f143b41e24485cea50d1cbac27 -> 
  custom:video-encoder-webm-vp8: eb34c28f22e8b96e1ab97ce403110664 -> 
  custom:video-codec-MediaFoundation-h265: 746d11721c4dcdbdad8f713fa42b33f4 -> 
  custom:video-decoder-webm-vp8: 9c59270c3fd7afecdb556c50c9e8de78 -> 
  custom:audio-decoder-ogg-vorbis: bf7c407c2cedff20999df2af8eb42d56 -> 
  custom:audio-encoder-webm-vorbis: bf7c407c2cedff20999df2af8eb42d56 -> 
========================================================================
Received Import Request.
  path: Assets/New Material.mat
  artifactKey: Guid(d098c7c47f8884547a359563e6925d5d) Importer(815301076,1909f56bfc062723c751e8b465ee728b)
Start importing Assets/New Material.mat using Guid(d098c7c47f8884547a359563e6925d5d) Importer(815301076,1909f56bfc062723c751e8b465ee728b)  -> (artifact id: '4dc3a06cfee64aacb9413acea7ca3f5e') in 0.225350 seconds 
  Import took 0.230105 seconds .

========================================================================
Received Import Request.
  Time since last request: 1.174494 seconds.
  path: Assets/NewSurfaceShader.shader
  artifactKey: Guid(b1e96179f9e6b004cb76c4128b87657f) Importer(815301076,1909f56bfc062723c751e8b465ee728b)
Start importing Assets/NewSurfaceShader.shader using Guid(b1e96179f9e6b004cb76c4128b87657f) Importer(815301076,1909f56bfc062723c751e8b465ee728b)  -> (artifact id: 'c92eadf08886e4a3a74afae0c624580d') in 0.007723 seconds 
  Import took 0.012603 seconds .

========================================================================
Received Import Request.
  Time since last request: 0.058510 seconds.
  path: Assets/NewSurfaceShader.shader
  artifactKey: Guid(b1e96179f9e6b004cb76c4128b87657f) Importer(815301076,1909f56bfc062723c751e8b465ee728b)
Start importing Assets/NewSurfaceShader.shader using Guid(b1e96179f9e6b004cb76c4128b87657f) Importer(815301076,1909f56bfc062723c751e8b465ee728b)  -> (artifact id: 'c92eadf08886e4a3a74afae0c624580d') in 0.002471 seconds 
  Import took 0.008497 seconds .

========================================================================
Received Import Request.
  Time since last request: 3.412190 seconds.
  path: Assets/Resources/DOTweenSettings.asset
  artifactKey: Guid(80a18fd8a8dba0343b988faa9b91662b) Importer(815301076,1909f56bfc062723c751e8b465ee728b)
Start importing Assets/Resources/DOTweenSettings.asset using Guid(80a18fd8a8dba0343b988faa9b91662b) Importer(815301076,1909f56bfc062723c751e8b465ee728b)  -> (artifact id: '321a5105ad0d8965096684fb6225fb64') in 0.010132 seconds 
  Import took 0.015468 seconds .

========================================================================
Received Import Request.
  Time since last request: 1.894137 seconds.
  path: Assets/XR/XRGeneralSettings.asset
  artifactKey: Guid(25286470d3ab58b479598f6e2e1ba38c) Importer(815301076,1909f56bfc062723c751e8b465ee728b)
Start importing Assets/XR/XRGeneralSettings.asset using Guid(25286470d3ab58b479598f6e2e1ba38c) Importer(815301076,1909f56bfc062723c751e8b465ee728b)  -> (artifact id: '504700558399e2614c918ec63721c4ae') in 0.015882 seconds 
  Import took 0.021212 seconds .

========================================================================
Received Import Request.
  Time since last request: 0.474169 seconds.
  path: Assets/XR
  artifactKey: Guid(7294114679e6c94409ef7709c0c62efd) Importer(815301076,1909f56bfc062723c751e8b465ee728b)
Start importing Assets/XR using Guid(7294114679e6c94409ef7709c0c62efd) Importer(815301076,1909f56bfc062723c751e8b465ee728b)  -> (artifact id: 'ac7544892dc650708dfb32b441fca7d1') in 0.008578 seconds 
  Import took 0.013638 seconds .

========================================================================
Received Import Request.
  Time since last request: 10.363419 seconds.
  path: Assets/Imported Plugins
  artifactKey: Guid(4863529ac83bfce4da32d310c1627e93) Importer(815301076,1909f56bfc062723c751e8b465ee728b)
Start importing Assets/Imported Plugins using Guid(4863529ac83bfce4da32d310c1627e93) Importer(815301076,1909f56bfc062723c751e8b465ee728b)  -> (artifact id: 'ba6af01e159fe599a3bae0a4df9e1f4b') in 0.007896 seconds 
  Import took 0.013395 seconds .

AssetImportWorkerClient::OnTransportError - code=2 error=End of file
